[debug] [2023-11-21T15:11:19.607Z] ----------------------------------------------------------------------
[debug] [2023-11-21T15:11:19.608Z] Command:       C:\Program Files\nodejs\node.exe C:\Users\SebastianvanRooyen\AppData\Roaming\npm\node_modules\firebase-tools\lib\bin\firebase.js init
[debug] [2023-11-21T15:11:19.608Z] CLI Version:   12.9.1
[debug] [2023-11-21T15:11:19.608Z] Platform:      win32
[debug] [2023-11-21T15:11:19.609Z] Node Version:  v18.13.0
[debug] [2023-11-21T15:11:19.609Z] Time:          Tue Nov 21 2023 17:11:19 GMT+0200 (South Africa Standard Time)
[debug] [2023-11-21T15:11:19.609Z] ----------------------------------------------------------------------
[debug] 
[debug] [2023-11-21T15:11:19.611Z] >>> [apiv2][query] GET https://firebase-public.firebaseio.com/cli.json [none]
[debug] [2023-11-21T15:11:19.645Z] > command requires scopes: ["email","openid","https://www.googleapis.com/auth/cloudplatformprojects.readonly","https://www.googleapis.com/auth/firebase","https://www.googleapis.com/auth/cloud-platform"]
[debug] [2023-11-21T15:11:19.645Z] > authorizing via signed-in user (sebastiandevelops@gmail.com)
[info] 
     ######## #### ########  ######## ########     ###     ######  ########
     ##        ##  ##     ## ##       ##     ##  ##   ##  ##       ##
     ######    ##  ########  ######   ########  #########  ######  ######
     ##        ##  ##    ##  ##       ##     ## ##     ##       ## ##
     ##       #### ##     ## ######## ########  ##     ##  ######  ########

You're about to initialize a Firebase project in this directory:

  C:\Users\SebastianvanRooyen\Desktop\New folder\portfolioK

[debug] [2023-11-21T15:11:20.208Z] <<< [apiv2][status] GET https://firebase-public.firebaseio.com/cli.json 200
[debug] [2023-11-21T15:11:20.208Z] <<< [apiv2][body] GET https://firebase-public.firebaseio.com/cli.json {"cloudBuildErrorAfter":1594252800000,"cloudBuildWarnAfter":1590019200000,"defaultNode10After":1594252800000,"minVersion":"3.0.5","node8DeploysDisabledAfter":1613390400000,"node8RuntimeDisabledAfter":1615809600000,"node8WarnAfter":1600128000000}
